#! /c/Source/iverilog-install/bin/vvp
:ivl_version "12.0 (devel)" "(s20150603-1110-g18392a46)";
:ivl_delay_selection "TYPICAL";
:vpi_time_precision + 0;
:vpi_module "D:\iverilog\lib\ivl\system.vpi";
:vpi_module "D:\iverilog\lib\ivl\vhdl_sys.vpi";
:vpi_module "D:\iverilog\lib\ivl\vhdl_textio.vpi";
:vpi_module "D:\iverilog\lib\ivl\v2005_math.vpi";
:vpi_module "D:\iverilog\lib\ivl\va_math.vpi";
S_0000017554a02f30 .scope module, "Alu" "Alu" 2 1;
 .timescale 0 0;
    .port_info 0 /INPUT 4 "op";
    .port_info 1 /INPUT 32 "a";
    .port_info 2 /INPUT 32 "b";
    .port_info 3 /OUTPUT 1 "zero";
    .port_info 4 /OUTPUT 32 "result";
o0000017554a37f98 .functor BUFZ 32, C4<zzzzzzzzzzzzzzzzzzzzzzzzzzzzzzzz>; HiZ drive
v00000175549ec380_0 .net "a", 31 0, o0000017554a37f98;  0 drivers
o0000017554a37fc8 .functor BUFZ 32, C4<zzzzzzzzzzzzzzzzzzzzzzzzzzzzzzzz>; HiZ drive
v0000017554a030c0_0 .net "b", 31 0, o0000017554a37fc8;  0 drivers
o0000017554a37ff8 .functor BUFZ 4, C4<zzzz>; HiZ drive
v0000017554a03160_0 .net "op", 3 0, o0000017554a37ff8;  0 drivers
v0000017554a03200_0 .var "result", 31 0;
v0000017554a032a0_0 .var "zero", 0 0;
E_00000175549e9a40 .event anyedge, v0000017554a03160_0, v00000175549ec380_0, v0000017554a030c0_0, v0000017554a03200_0;
    .scope S_0000017554a02f30;
T_0 ;
    %wait E_00000175549e9a40;
    %load/vec4 v0000017554a03160_0;
    %dup/vec4;
    %pushi/vec4 0, 0, 4;
    %cmp/u;
    %jmp/1 T_0.0, 6;
    %dup/vec4;
    %pushi/vec4 1, 0, 4;
    %cmp/u;
    %jmp/1 T_0.1, 6;
    %dup/vec4;
    %pushi/vec4 2, 0, 4;
    %cmp/u;
    %jmp/1 T_0.2, 6;
    %dup/vec4;
    %pushi/vec4 3, 0, 4;
    %cmp/u;
    %jmp/1 T_0.3, 6;
    %dup/vec4;
    %pushi/vec4 5, 0, 4;
    %cmp/u;
    %jmp/1 T_0.4, 6;
    %jmp T_0.5;
T_0.0 ;
    %load/vec4 v00000175549ec380_0;
    %load/vec4 v0000017554a030c0_0;
    %and;
    %store/vec4 v0000017554a03200_0, 0, 32;
    %load/vec4 v0000017554a03200_0;
    %cmpi/e 0, 0, 32;
    %flag_mov 8, 4;
    %jmp/0 T_0.6, 8;
    %pushi/vec4 1, 0, 2;
    %jmp/1 T_0.7, 8;
T_0.6 ; End of true expr.
    %pushi/vec4 0, 0, 2;
    %jmp/0 T_0.7, 8;
 ; End of false expr.
    %blend;
T_0.7;
    %pad/s 1;
    %store/vec4 v0000017554a032a0_0, 0, 1;
    %jmp T_0.5;
T_0.1 ;
    %load/vec4 v00000175549ec380_0;
    %load/vec4 v0000017554a030c0_0;
    %or;
    %store/vec4 v0000017554a03200_0, 0, 32;
    %load/vec4 v0000017554a03200_0;
    %cmpi/e 0, 0, 32;
    %flag_mov 8, 4;
    %jmp/0 T_0.8, 8;
    %pushi/vec4 1, 0, 2;
    %jmp/1 T_0.9, 8;
T_0.8 ; End of true expr.
    %pushi/vec4 0, 0, 2;
    %jmp/0 T_0.9, 8;
 ; End of false expr.
    %blend;
T_0.9;
    %pad/s 1;
    %store/vec4 v0000017554a032a0_0, 0, 1;
    %jmp T_0.5;
T_0.2 ;
    %load/vec4 v00000175549ec380_0;
    %load/vec4 v0000017554a030c0_0;
    %add;
    %store/vec4 v0000017554a03200_0, 0, 32;
    %load/vec4 v0000017554a03200_0;
    %cmpi/e 0, 0, 32;
    %flag_mov 8, 4;
    %jmp/0 T_0.10, 8;
    %pushi/vec4 1, 0, 2;
    %jmp/1 T_0.11, 8;
T_0.10 ; End of true expr.
    %pushi/vec4 0, 0, 2;
    %jmp/0 T_0.11, 8;
 ; End of false expr.
    %blend;
T_0.11;
    %pad/s 1;
    %store/vec4 v0000017554a032a0_0, 0, 1;
    %jmp T_0.5;
T_0.3 ;
    %load/vec4 v00000175549ec380_0;
    %load/vec4 v0000017554a030c0_0;
    %sub;
    %store/vec4 v0000017554a03200_0, 0, 32;
    %load/vec4 v0000017554a03200_0;
    %cmpi/e 0, 0, 32;
    %flag_mov 8, 4;
    %jmp/0 T_0.12, 8;
    %pushi/vec4 1, 0, 2;
    %jmp/1 T_0.13, 8;
T_0.12 ; End of true expr.
    %pushi/vec4 0, 0, 2;
    %jmp/0 T_0.13, 8;
 ; End of false expr.
    %blend;
T_0.13;
    %pad/s 1;
    %store/vec4 v0000017554a032a0_0, 0, 1;
    %jmp T_0.5;
T_0.4 ;
    %load/vec4 v00000175549ec380_0;
    %load/vec4 v0000017554a030c0_0;
    %xor;
    %store/vec4 v0000017554a03200_0, 0, 32;
    %load/vec4 v0000017554a03200_0;
    %cmpi/e 0, 0, 32;
    %flag_mov 8, 4;
    %jmp/0 T_0.14, 8;
    %pushi/vec4 1, 0, 2;
    %jmp/1 T_0.15, 8;
T_0.14 ; End of true expr.
    %pushi/vec4 0, 0, 2;
    %jmp/0 T_0.15, 8;
 ; End of false expr.
    %blend;
T_0.15;
    %pad/s 1;
    %store/vec4 v0000017554a032a0_0, 0, 1;
    %jmp T_0.5;
T_0.5 ;
    %pop/vec4 1;
    %jmp T_0;
    .thread T_0, $push;
# The file index is used to find the file name in the following table.
:file_names 3;
    "N/A";
    "<interactive>";
    "alu.v";
